<?xml version="1.0" encoding="UTF-8"?>
<!-- Generated by org.testng.reporters.JUnitReportReporter -->
<testsuite hostname="Abhijith" failures="0" tests="1" name="github.ForkAndPullRequest" time="2.648" errors="0" timestamp="2025-04-17T10:25:42 IST" skipped="0">
  <testcase classname="github.ForkAndPullRequest" name="sample" time="2.648"/>
  <system-out>
    <![CDATA[Empty browser launched]]>
  </system-out>
</testsuite> <!-- github.ForkAndPullRequest -->
